WPRAI Debug: Found 7 total plugins.
WPRAI Debug: Plugin code-snippets/code-snippets.php active? NO
WPRAI Debug: Plugin devkit/devkit.php active? NO
WPRAI Debug: Plugin google-marketing-wp/wp-ga-setup-wizard.php active? NO
WPRAI Debug: Plugin media-guardian/media-guardian.php active? NO
WPRAI Debug: Plugin wp-fatal-crash-tester/wp-fatal-crash-tester.php active? NO
WPRAI Debug: Plugin wp-intentional-error-tester/wp-intentional-error-tester.php active? NO
WPRAI Debug: Plugin wp-rescuemode-ai/wp-rescuemode-ai.php active? YES
WPRAI Debug: Found 7 total plugins.
WPRAI Debug: active_plugins option: Array
(
    [0] => wp-rescuemode-ai/wp-rescuemode-ai.php
)

WPRAI Debug: is_multisite? NO
WPRAI Debug: Found 7 total plugins.
WPRAI Debug: active_plugins option: Array
(
    [0] => wp-rescuemode-ai/wp-rescuemode-ai.php
)

WPRAI Debug: is_multisite? NO
WPRAI Debug: Found 7 total plugins.
WPRAI Debug: active_plugins option: Array
(
    [0] => wp-rescuemode-ai/wp-rescuemode-ai.php
)

WPRAI Debug: is_multisite? NO
WPRAI Debug: Found 7 total plugins.
WPRAI Debug: active_plugins option: Array
(
    [0] => wp-rescuemode-ai/wp-rescuemode-ai.php
)

WPRAI Debug: is_multisite? NO
WPRAI Debug: Found 7 total plugins.
WPRAI Debug: active_plugins option: Array
(
    [0] => wp-rescuemode-ai/wp-rescuemode-ai.php
)

WPRAI Debug: is_multisite? NO
WPRAI Debug: Found 7 total plugins.
WPRAI Debug: active_plugins option: Array
(
    [0] => wp-rescuemode-ai/wp-rescuemode-ai.php
)

WPRAI Debug: is_multisite? NO
WPRAI Debug: Found 7 total plugins.
WPRAI Debug: active_plugins option: Array
(
    [0] => wp-rescuemode-ai/wp-rescuemode-ai.php
)

WPRAI Debug: is_multisite? NO
WPRAI Debug: Found 7 total plugins.
WPRAI Debug: active_plugins option: Array
(
    [0] => wp-rescuemode-ai/wp-rescuemode-ai.php
)

WPRAI Debug: is_multisite? NO
WPRAI Debug: Found 7 total plugins.
WPRAI Debug: active_plugins option: Array
(
    [0] => wp-rescuemode-ai/wp-rescuemode-ai.php
)

WPRAI Debug: is_multisite? NO
WPRAI Debug: Found 7 total plugins.
WPRAI Debug: active_plugins option: Array
(
    [0] => wp-rescuemode-ai/wp-rescuemode-ai.php
)

WPRAI Debug: is_multisite? NO
WPRAI Debug: Found 7 total plugins.
WPRAI Debug: active_plugins option: Array
(
    [0] => wp-rescuemode-ai/wp-rescuemode-ai.php
)

WPRAI Debug: is_multisite? NO
WPRAI Debug: Found 7 total plugins.
WPRAI Debug: active_plugins option: Array
(
    [0] => wp-rescuemode-ai/wp-rescuemode-ai.php
)

WPRAI Debug: is_multisite? NO
WPRAI Debug: Found 7 total plugins.
WPRAI Debug: active_plugins option: Array
(
    [0] => code-snippets/code-snippets.php
    [1] => devkit/devkit.php
    [3] => wp-rescuemode-ai/wp-rescuemode-ai.php
)

WPRAI Debug: is_multisite? NO
WPRAI Debug: Found 7 total plugins.
WPRAI Debug: active_plugins option: Array
(
    [0] => code-snippets/code-snippets.php
    [1] => devkit/devkit.php
    [2] => media-guardian/media-guardian.php
    [3] => wp-rescuemode-ai/wp-rescuemode-ai.php
)

WPRAI Debug: is_multisite? NO
WPRAI Debug: Found 7 total plugins.
WPRAI Debug: active_plugins option: Array
(
    [0] => code-snippets/code-snippets.php
    [1] => devkit/devkit.php
    [2] => media-guardian/media-guardian.php
    [3] => wp-rescuemode-ai/wp-rescuemode-ai.php
)

WPRAI Debug: is_multisite? NO
WPRAI Debug: Found 7 total plugins.
WPRAI Debug: active_plugins option: Array
(
    [0] => code-snippets/code-snippets.php
    [1] => devkit/devkit.php
    [2] => media-guardian/media-guardian.php
    [3] => wp-rescuemode-ai/wp-rescuemode-ai.php
)

WPRAI Debug: is_multisite? NO
WPRAI Debug: Found 7 total plugins.
WPRAI Debug: active_plugins option: Array
(
    [0] => code-snippets/code-snippets.php
    [1] => devkit/devkit.php
    [2] => media-guardian/media-guardian.php
    [3] => wp-rescuemode-ai/wp-rescuemode-ai.php
)

WPRAI Debug: is_multisite? NO
WPRAI Debug: Found 7 total plugins.
WPRAI Debug: active_plugins option: Array
(
    [0] => code-snippets/code-snippets.php
    [1] => devkit/devkit.php
    [2] => media-guardian/media-guardian.php
    [3] => wp-rescuemode-ai/wp-rescuemode-ai.php
)

WPRAI Debug: is_multisite? NO
WPRAI Debug: Found 7 total plugins.
WPRAI Debug: active_plugins option: Array
(
    [0] => code-snippets/code-snippets.php
    [1] => devkit/devkit.php
    [2] => media-guardian/media-guardian.php
    [3] => wp-rescuemode-ai/wp-rescuemode-ai.php
)

WPRAI Debug: is_multisite? NO
WPRAI Debug: Found 7 total plugins.
WPRAI Debug: active_plugins option: Array
(
    [0] => code-snippets/code-snippets.php
    [1] => devkit/devkit.php
    [2] => media-guardian/media-guardian.php
    [3] => wp-rescuemode-ai/wp-rescuemode-ai.php
)

WPRAI Debug: is_multisite? NO
WPRAI Debug: Found 7 total plugins.
WPRAI Debug: active_plugins option: Array
(
    [0] => code-snippets/code-snippets.php
    [1] => devkit/devkit.php
    [2] => media-guardian/media-guardian.php
    [3] => wp-rescuemode-ai/wp-rescuemode-ai.php
)

WPRAI Debug: is_multisite? NO
WPRAI Debug: Found 7 total plugins.
WPRAI Debug: active_plugins option: Array
(
    [0] => code-snippets/code-snippets.php
    [1] => devkit/devkit.php
    [2] => media-guardian/media-guardian.php
    [3] => wp-rescuemode-ai/wp-rescuemode-ai.php
)

WPRAI Debug: is_multisite? NO
WPRAI Debug: Found 7 total plugins.
WPRAI Debug: active_plugins option: Array
(
    [0] => code-snippets/code-snippets.php
    [1] => devkit/devkit.php
    [2] => media-guardian/media-guardian.php
    [3] => wp-rescuemode-ai/wp-rescuemode-ai.php
)

WPRAI Debug: is_multisite? NO
WPRAI Debug: Found 7 total plugins.
WPRAI Debug: active_plugins option: Array
(
    [0] => code-snippets/code-snippets.php
    [1] => devkit/devkit.php
    [2] => media-guardian/media-guardian.php
    [3] => wp-rescuemode-ai/wp-rescuemode-ai.php
)

WPRAI Debug: is_multisite? NO
WPRAI Debug: Found 7 total plugins.
WPRAI Debug: active_plugins option: Array
(
    [0] => code-snippets/code-snippets.php
    [1] => devkit/devkit.php
    [2] => media-guardian/media-guardian.php
    [3] => wp-rescuemode-ai/wp-rescuemode-ai.php
)

WPRAI Debug: is_multisite? NO
WPRAI Debug: Found 7 total plugins.
WPRAI Debug: active_plugins option: Array
(
    [0] => code-snippets/code-snippets.php
    [1] => devkit/devkit.php
    [2] => media-guardian/media-guardian.php
    [3] => wp-rescuemode-ai/wp-rescuemode-ai.php
)

WPRAI Debug: is_multisite? NO
WPRAI Debug: Found 7 total plugins.
WPRAI Debug: active_plugins option: Array
(
    [0] => code-snippets/code-snippets.php
    [1] => devkit/devkit.php
    [2] => media-guardian/media-guardian.php
    [3] => wp-rescuemode-ai/wp-rescuemode-ai.php
)

WPRAI Debug: is_multisite? NO
WPRAI Debug: Found 7 total plugins.
WPRAI Debug: active_plugins option: Array
(
    [0] => code-snippets/code-snippets.php
    [1] => devkit/devkit.php
    [2] => media-guardian/media-guardian.php
    [3] => wp-rescuemode-ai/wp-rescuemode-ai.php
)

WPRAI Debug: is_multisite? NO
WPRAI Debug: Found 7 total plugins.
WPRAI Debug: active_plugins option: Array
(
    [0] => code-snippets/code-snippets.php
    [1] => devkit/devkit.php
    [2] => media-guardian/media-guardian.php
    [3] => wp-rescuemode-ai/wp-rescuemode-ai.php
)

WPRAI Debug: is_multisite? NO
WPRAI Debug: Found 7 total plugins.
WPRAI Debug: active_plugins option: Array
(
    [0] => code-snippets/code-snippets.php
    [1] => devkit/devkit.php
    [2] => media-guardian/media-guardian.php
    [3] => wp-intentional-error-tester/wp-intentional-error-tester.php
    [4] => wp-rescuemode-ai/wp-rescuemode-ai.php
)

WPRAI Debug: is_multisite? NO
WPRAI Debug: Found 7 total plugins.
WPRAI Debug: active_plugins option: Array
(
    [0] => code-snippets/code-snippets.php
    [1] => devkit/devkit.php
    [2] => media-guardian/media-guardian.php
    [3] => wp-intentional-error-tester/wp-intentional-error-tester.php
    [4] => wp-rescuemode-ai/wp-rescuemode-ai.php
)

WPRAI Debug: is_multisite? NO
WPRAI Debug: Found 7 total plugins.
WPRAI Debug: active_plugins option: Array
(
    [0] => code-snippets/code-snippets.php
    [1] => devkit/devkit.php
    [2] => media-guardian/media-guardian.php
    [3] => wp-intentional-error-tester/wp-intentional-error-tester.php
    [4] => wp-rescuemode-ai/wp-rescuemode-ai.php
)

WPRAI Debug: is_multisite? NO
WPRAI Debug: Found 7 total plugins.
WPRAI Debug: active_plugins option: Array
(
    [0] => code-snippets/code-snippets.php
    [1] => devkit/devkit.php
    [2] => media-guardian/media-guardian.php
    [3] => wp-intentional-error-tester/wp-intentional-error-tester.php
    [4] => wp-rescuemode-ai/wp-rescuemode-ai.php
)

WPRAI Debug: is_multisite? NO
WPRAI Debug: Found 7 total plugins.
WPRAI Debug: active_plugins option: Array
(
    [0] => code-snippets/code-snippets.php
    [1] => devkit/devkit.php
    [2] => media-guardian/media-guardian.php
    [3] => wp-intentional-error-tester/wp-intentional-error-tester.php
    [4] => wp-rescuemode-ai/wp-rescuemode-ai.php
)

WPRAI Debug: is_multisite? NO
WPRAI Debug: Found 7 total plugins.
WPRAI Debug: active_plugins option: Array
(
    [0] => code-snippets/code-snippets.php
    [1] => devkit/devkit.php
    [2] => media-guardian/media-guardian.php
    [3] => wp-intentional-error-tester/wp-intentional-error-tester.php
    [4] => wp-rescuemode-ai/wp-rescuemode-ai.php
)

WPRAI Debug: is_multisite? NO
WPRAI Debug: Found 7 total plugins.
WPRAI Debug: active_plugins option: Array
(
    [0] => code-snippets/code-snippets.php
    [1] => devkit/devkit.php
    [2] => media-guardian/media-guardian.php
    [3] => wp-intentional-error-tester/wp-intentional-error-tester.php
    [4] => wp-rescuemode-ai/wp-rescuemode-ai.php
)

WPRAI Debug: is_multisite? NO
WPRAI Debug: Found 7 total plugins.
WPRAI Debug: active_plugins option: Array
(
    [0] => code-snippets/code-snippets.php
    [1] => devkit/devkit.php
    [2] => media-guardian/media-guardian.php
    [3] => wp-intentional-error-tester/wp-intentional-error-tester.php
    [4] => wp-rescuemode-ai/wp-rescuemode-ai.php
)

WPRAI Debug: is_multisite? NO
WPRAI Debug: Found 7 total plugins.
WPRAI Debug: active_plugins option: Array
(
    [0] => code-snippets/code-snippets.php
    [1] => devkit/devkit.php
    [2] => media-guardian/media-guardian.php
    [3] => wp-intentional-error-tester/wp-intentional-error-tester.php
    [4] => wp-rescuemode-ai/wp-rescuemode-ai.php
)

WPRAI Debug: is_multisite? NO
WPRAI Debug: Found 7 total plugins.
WPRAI Debug: active_plugins option: Array
(
    [0] => code-snippets/code-snippets.php
    [1] => devkit/devkit.php
    [2] => media-guardian/media-guardian.php
    [3] => wp-intentional-error-tester/wp-intentional-error-tester.php
    [4] => wp-rescuemode-ai/wp-rescuemode-ai.php
)

WPRAI Debug: is_multisite? NO
WPRAI Debug: Found 7 total plugins.
WPRAI Debug: active_plugins option: Array
(
    [0] => code-snippets/code-snippets.php
    [1] => devkit/devkit.php
    [2] => media-guardian/media-guardian.php
    [3] => wp-intentional-error-tester/wp-intentional-error-tester.php
    [4] => wp-rescuemode-ai/wp-rescuemode-ai.php
)

WPRAI Debug: is_multisite? NO
WPRAI Debug: Found 7 total plugins.
WPRAI Debug: active_plugins option: Array
(
    [0] => code-snippets/code-snippets.php
    [1] => devkit/devkit.php
    [2] => media-guardian/media-guardian.php
    [3] => wp-intentional-error-tester/wp-intentional-error-tester.php
    [4] => wp-rescuemode-ai/wp-rescuemode-ai.php
)

WPRAI Debug: is_multisite? NO
WPRAI Debug: Found 7 total plugins.
WPRAI Debug: active_plugins option: Array
(
    [0] => code-snippets/code-snippets.php
    [1] => devkit/devkit.php
    [2] => media-guardian/media-guardian.php
    [3] => wp-intentional-error-tester/wp-intentional-error-tester.php
    [4] => wp-rescuemode-ai/wp-rescuemode-ai.php
)

WPRAI Debug: is_multisite? NO
WPRAI Debug: Found 7 total plugins.
WPRAI Debug: active_plugins option: Array
(
    [0] => code-snippets/code-snippets.php
    [1] => devkit/devkit.php
    [2] => media-guardian/media-guardian.php
    [3] => wp-intentional-error-tester/wp-intentional-error-tester.php
    [4] => wp-rescuemode-ai/wp-rescuemode-ai.php
)

WPRAI Debug: is_multisite? NO
WPRAI Debug: Found 7 total plugins.
WPRAI Debug: active_plugins option: Array
(
    [0] => code-snippets/code-snippets.php
    [1] => devkit/devkit.php
    [2] => media-guardian/media-guardian.php
    [3] => wp-intentional-error-tester/wp-intentional-error-tester.php
    [4] => wp-rescuemode-ai/wp-rescuemode-ai.php
)

WPRAI Debug: is_multisite? NO
WPRAI Debug: Found 7 total plugins.
WPRAI Debug: active_plugins option: Array
(
    [0] => code-snippets/code-snippets.php
    [1] => devkit/devkit.php
    [2] => media-guardian/media-guardian.php
    [3] => wp-intentional-error-tester/wp-intentional-error-tester.php
    [4] => wp-rescuemode-ai/wp-rescuemode-ai.php
)

WPRAI Debug: is_multisite? NO
WPRAI Debug: Found 7 total plugins.
WPRAI Debug: active_plugins option: Array
(
    [0] => code-snippets/code-snippets.php
    [1] => devkit/devkit.php
    [2] => media-guardian/media-guardian.php
    [3] => wp-intentional-error-tester/wp-intentional-error-tester.php
    [4] => wp-rescuemode-ai/wp-rescuemode-ai.php
)

WPRAI Debug: is_multisite? NO
